[cell 0]	(0)	--->	(20)	--->	
[cell 1]	(1)	--->	(21)	--->	
[cell 2]	(2)	--->	
[cell 3]	(-17)	--->	(3)	--->	
[cell 4]	(-16)	--->	(4)	--->	
[cell 5]	(-15)	--->	(5)	--->	
[cell 6]	(-14)	--->	(6)	--->	
[cell 7]	(-13)	--->	(7)	--->	
[cell 8]	(-12)	--->	(8)	--->	
[cell 9]	(-11)	--->	(9)	--->	
[cell 10]	(-10)	--->	(10)	--->	
[cell 11]	(-9)	--->	(11)	--->	
[cell 12]	(-8)	--->	(12)	--->	
[cell 13]	(-7)	--->	(13)	--->	
[cell 14]	(-6)	--->	(14)	--->	
[cell 15]	(-5)	--->	(15)	--->	
[cell 16]	(-4)	--->	(16)	--->	
[cell 17]	(-3)	--->	(17)	--->	
[cell 18]	(-2)	--->	(18)	--->	
[cell 19]	(-1)	--->	(19)	--->	
