[cell 0]	(-10)	--->	(0)	--->	
[cell 1]	(10)	--->	(20)	--->	
[cell 2]	(-9)	--->	(1)	--->	
[cell 3]	(11)	--->	(21)	--->	
[cell 4]	(-8)	--->	(2)	--->	
[cell 5]	(12)	--->	
[cell 6]	(-17)	--->	(-7)	--->	
[cell 7]	(3)	--->	(13)	--->	
[cell 8]	(-16)	--->	(-6)	--->	
[cell 9]	(4)	--->	(14)	--->	
[cell 10]	(-15)	--->	(-5)	--->	
[cell 11]	(5)	--->	(15)	--->	
[cell 12]	(-14)	--->	(-4)	--->	
[cell 13]	(6)	--->	(16)	--->	
[cell 14]	(-13)	--->	(-3)	--->	
[cell 15]	(7)	--->	(17)	--->	
[cell 16]	(-12)	--->	(-2)	--->	
[cell 17]	(8)	--->	(18)	--->	
[cell 18]	(-11)	--->	(-1)	--->	
[cell 19]	(9)	--->	(19)	--->	
