[cell 0]	(-17)	--->	(-16)	--->	
[cell 1]	(15)	--->	(16)	--->	
[cell 2]	(-1)	--->	(0)	--->	
[cell 3]	(17)	--->	(18)	--->	
[cell 4]	(-9)	--->	(-8)	--->	
[cell 5]	(19)	--->	(20)	--->	
[cell 6]	(1)	--->	(2)	--->	
[cell 7]	(21)	--->	
[cell 8]	(-13)	--->	(-12)	--->	
[cell 9]	
[cell 10]	(3)	--->	(4)	--->	
[cell 11]	
[cell 12]	(-7)	--->	(-6)	--->	
[cell 13]	
[cell 14]	(5)	--->	(6)	--->	
[cell 15]	
[cell 16]	(-15)	--->	(-14)	--->	
[cell 17]	
[cell 18]	(7)	--->	(8)	--->	
[cell 19]	
[cell 20]	(-5)	--->	(-4)	--->	
[cell 21]	
[cell 22]	(9)	--->	(10)	--->	
[cell 23]	
[cell 24]	(-11)	--->	(-10)	--->	
[cell 25]	
[cell 26]	(11)	--->	(12)	--->	
[cell 27]	
[cell 28]	(-3)	--->	(-2)	--->	
[cell 29]	
[cell 30]	(13)	--->	(14)	--->	
[cell 31]	
