[cell 0]	(-16)	--->	(-14)	--->	
[cell 1]	(16)	--->	(18)	--->	
[cell 2]	(0)	--->	(2)	--->	
[cell 3]	(20)	--->	
[cell 4]	(-8)	--->	(-6)	--->	
[cell 5]	
[cell 6]	(4)	--->	(6)	--->	
[cell 7]	
[cell 8]	(-12)	--->	(-10)	--->	
[cell 9]	
[cell 10]	(8)	--->	(10)	--->	
[cell 11]	
[cell 12]	(-4)	--->	(-2)	--->	
[cell 13]	
[cell 14]	(12)	--->	(14)	--->	
[cell 15]	
[cell 16]	(-17)	--->	(-15)	--->	
[cell 17]	(15)	--->	(17)	--->	
[cell 18]	(-1)	--->	(1)	--->	
[cell 19]	(19)	--->	(21)	--->	
[cell 20]	(-9)	--->	(-7)	--->	
[cell 21]	
[cell 22]	(3)	--->	(5)	--->	
[cell 23]	
[cell 24]	(-13)	--->	(-11)	--->	
[cell 25]	
[cell 26]	(7)	--->	(9)	--->	
[cell 27]	
[cell 28]	(-5)	--->	(-3)	--->	
[cell 29]	
[cell 30]	(11)	--->	(13)	--->	
[cell 31]	
