[cell 0]	(-15)	--->	(-12)	--->	
[cell 1]	(9)	--->	(12)	--->	
[cell 2]	(-3)	--->	(0)	--->	
[cell 3]	(15)	--->	(18)	--->	
[cell 4]	(-9)	--->	(-6)	--->	
[cell 5]	(21)	--->	
[cell 6]	(3)	--->	(6)	--->	
[cell 7]	
[cell 8]	(-17)	--->	(-14)	--->	
[cell 9]	(7)	--->	(10)	--->	
[cell 10]	(-5)	--->	(-2)	--->	
[cell 11]	(13)	--->	(16)	--->	
[cell 12]	(-11)	--->	(-8)	--->	
[cell 13]	(19)	--->	
[cell 14]	(1)	--->	(4)	--->	
[cell 15]	
[cell 16]	(-16)	--->	(-13)	--->	
[cell 17]	(8)	--->	(11)	--->	
[cell 18]	(-4)	--->	(-1)	--->	
[cell 19]	(14)	--->	(17)	--->	
[cell 20]	(-10)	--->	(-7)	--->	
[cell 21]	(20)	--->	
[cell 22]	(2)	--->	(5)	--->	
[cell 23]	
