[cell 0]	(-14)	--->	(-7)	--->	
[cell 1]	(14)	--->	(21)	--->	
[cell 2]	(0)	--->	(7)	--->	
[cell 3]	
[cell 4]	(-13)	--->	(-6)	--->	
[cell 5]	(15)	--->	
[cell 6]	(1)	--->	(8)	--->	
[cell 7]	
[cell 8]	(-12)	--->	(-5)	--->	
[cell 9]	(16)	--->	
[cell 10]	(2)	--->	(9)	--->	
[cell 11]	
[cell 12]	(-11)	--->	(-4)	--->	
[cell 13]	(17)	--->	
[cell 14]	(3)	--->	(10)	--->	
[cell 15]	
[cell 16]	(-17)	--->	(-10)	--->	
[cell 17]	(11)	--->	(18)	--->	
[cell 18]	(-3)	--->	(4)	--->	
[cell 19]	
[cell 20]	(-16)	--->	(-9)	--->	
[cell 21]	(12)	--->	(19)	--->	
[cell 22]	(-2)	--->	(5)	--->	
[cell 23]	
[cell 24]	(-15)	--->	(-8)	--->	
[cell 25]	(13)	--->	(20)	--->	
[cell 26]	(-1)	--->	(6)	--->	
[cell 27]	
