[cell 0]	(-12)	--->	(-6)	--->	
[cell 1]	(12)	--->	(18)	--->	
[cell 2]	(0)	--->	(6)	--->	
[cell 3]	
[cell 4]	(-17)	--->	(-11)	--->	
[cell 5]	(7)	--->	(13)	--->	
[cell 6]	(-5)	--->	(1)	--->	
[cell 7]	(19)	--->	
[cell 8]	(-16)	--->	(-10)	--->	
[cell 9]	(8)	--->	(14)	--->	
[cell 10]	(-4)	--->	(2)	--->	
[cell 11]	(20)	--->	
[cell 12]	(-15)	--->	(-9)	--->	
[cell 13]	(9)	--->	(15)	--->	
[cell 14]	(-3)	--->	(3)	--->	
[cell 15]	(21)	--->	
[cell 16]	(-14)	--->	(-8)	--->	
[cell 17]	(10)	--->	(16)	--->	
[cell 18]	(-2)	--->	(4)	--->	
[cell 19]	
[cell 20]	(-13)	--->	(-7)	--->	
[cell 21]	(11)	--->	(17)	--->	
[cell 22]	(-1)	--->	(5)	--->	
[cell 23]	
