[cell 0]	(0)	--->	
[cell 1]	(1)	--->	
[cell 2]	(2)	--->	
[cell 3]	(3)	--->	
[cell 4]	(4)	--->	
[cell 5]	(5)	--->	
[cell 6]	(6)	--->	
[cell 7]	(7)	--->	
[cell 8]	(8)	--->	
[cell 9]	(9)	--->	
[cell 10]	(10)	--->	
[cell 11]	(11)	--->	
[cell 12]	(12)	--->	
[cell 13]	(-17)	--->	(13)	--->	
[cell 14]	(-16)	--->	(14)	--->	
[cell 15]	(-15)	--->	(15)	--->	
[cell 16]	(-14)	--->	(16)	--->	
[cell 17]	(-13)	--->	(17)	--->	
[cell 18]	(-12)	--->	(18)	--->	
[cell 19]	(-11)	--->	(19)	--->	
[cell 20]	(-10)	--->	(20)	--->	
[cell 21]	(-9)	--->	(21)	--->	
[cell 22]	(-8)	--->	
[cell 23]	(-7)	--->	
[cell 24]	(-6)	--->	
[cell 25]	(-5)	--->	
[cell 26]	(-4)	--->	
[cell 27]	(-3)	--->	
[cell 28]	(-2)	--->	
[cell 29]	(-1)	--->	
